23
 energy: -30.530573254322 gnorm: 0.198171381128 xtb: 6.3.2 (30e43eb)
C         2.84000000000000   -1.16090000000000   -0.35360000000000
C         3.21810000000000    0.00030000000000    0.54080000000000
C         1.53190000000000    1.35890000000000   -0.67420000000000
H        -0.18632000000000    0.33872000000000   -1.13808000000000
C         2.99940000000000    1.29330000000000   -0.21960000000000
H         1.36480000000000    2.38930000000000   -1.07480000000000
H         0.91330000000000    1.31120000000000    0.25730000000000
C         1.38560000000000   -1.02560000000000   -0.87140000000000
H         2.57220000000000   -0.01040000000000    1.44720000000000
H         4.27650000000000   -0.08740000000000    0.86760000000000
C         1.01120000000000    0.28640000000000   -1.73420000000000
H         0.69390000000000   -1.07600000000000    0.00000000000000
H         1.24840000000000   -1.99500000000000   -1.40240000000000
H         3.69070000000000    1.37880000000000   -1.07990000000000
H         3.21380000000000    2.14190000000000    0.46570000000000
H         3.55680000000000   -1.22530000000000   -1.19420000000000
H         2.94010000000000   -2.10290000000000    0.22870000000000
Br       -2.72464000000000    0.41583000000000   -0.12051000000000
O         1.60005000000000    0.93615000000000   -2.88549000000000
C         2.76780000000000    0.00060000000000   -3.38280000000000
H         2.75790000000000    0.16920000000000   -4.47880000000000
H         3.78010000000000    0.25740000000000   -3.01480000000000
H         2.57500000000000   -1.08390000000000   -3.25020000000000
23
 energy: -30.607501095571 gnorm: 0.096749216988 xtb: 6.3.2 (30e43eb)
C         2.85150854494824   -1.16566720588102   -0.35130950301299
C         3.22604040981976   -0.00016588660642    0.54475298802348
C         1.54384159545898    1.41728627144252   -0.60513363821226
H        -0.17322620317046    0.34777771329441   -1.33401005267144
C         3.00845486148230    1.30223380006049   -0.20352295479972
H         1.35463600833018    2.39632066280445   -1.07328086344712
H         0.91435761857254    1.33599477000587    0.28909455252764
C         1.41658083121525   -1.05502001495104   -0.88487569260957
H         2.58424783927199   -0.00876744760957    1.43989338316266
H         4.27148899405106   -0.08858026312580    0.87046505911283
C         1.06315687433362    0.32254019723170   -1.57612807971123
H         0.72071636832571   -1.06715498155283   -0.02807724835921
H         1.21777876008204   -1.98440126615798   -1.44048041076185
H         3.67794424066486    1.37689662919851   -1.07042150352195
H         3.22018779587185    2.14881133066533    0.46090556754983
H         3.55489710214294   -1.22596865627710   -1.18772080134799
H         2.93220767687050   -2.10246570634266    0.21895973085869
Br       -2.72995184382268    0.41527735052469   -0.11777722377226
O         1.58250732171773    0.77123425066017   -2.87039951741633
C         2.74782339284933   -0.01043531446573   -3.41500796334025
H         2.75110581501813    0.17618889152757   -4.49153069964722
H         3.72615233586234    0.28051351530610   -3.00158801525409
H         2.56413366010382   -1.07184863975166   -3.24048711334959
23
 energy: -30.638344763318 gnorm: 0.035923731096 xtb: 6.3.2 (30e43eb)
C         2.86125635769958   -1.17002875352549   -0.35003383713635
C         3.22702719365595    0.00072473363740    0.55055685859611
C         1.54491155480521    1.43098883621624   -0.58160211656138
H        -0.01746735363139    0.37639608413429   -1.47895038585615
C         3.00505365546509    1.31541698068633   -0.18285143071790
H         1.34810474073062    2.38150324629783   -1.07478659789817
H         0.91773191492896    1.35978258679999    0.29866751931183
C         1.43746722296506   -1.04443480995426   -0.88271887345298
H         2.59001877130305   -0.01176642666973    1.43642573041223
H         4.26290618028672   -0.08896933733147    0.87297753201836
C         1.09322965641262    0.31900880226076   -1.51220108821467
H         0.74022001862776   -1.07781126323980   -0.03937263173859
H         1.19918648060012   -1.91865090807885   -1.49767679952200
H         3.65453002733103    1.37735850260319   -1.05601454175938
H         3.23417295221300    2.15613171349636    0.46783513141103
H         3.56065104662531   -1.22479774485783   -1.17947547747499
H         2.92936073004788   -2.10278476636221    0.21087257549040
Br       -2.75203246181370    0.41124619602527   -0.11613536371230
O         1.56775129120099    0.65022328836436   -2.86481453752957
C         2.69523758327010   -0.03178639598612   -3.40405539911800
H         2.71650457197209    0.19460627328265   -4.46502278882035
H         3.64961601435634    0.29922094119815   -2.97221513038670
H         2.56115185094837   -1.09097777899658   -3.24708834733999
23
 energy: -30.642793813139 gnorm: 0.037911862030 xtb: 6.3.2 (30e43eb)
C         2.87009988407738   -1.16935085946198   -0.34689578521847
C         3.23480893249031    0.00162790915245    0.56017118060985
C         1.54935630772898    1.44219234194016   -0.56648774687466
H        -0.01826728944134    0.35448752142587   -1.66697807265312
C         3.01271013220349    1.32733638354429   -0.16071933227819
H         1.35689116212927    2.38967217107282   -1.07112125552171
H         0.92286960171799    1.40321751144554    0.32542571635329
C         1.44123586597115   -1.02977425943178   -0.86784022068644
H         2.60015461551915   -0.01960859715579    1.44808939003359
H         4.27380486264495   -0.08965344148741    0.87656924532098
C         1.11068074719579    0.31530283660643   -1.50784806037110
H         0.75059151386756   -1.11591471089946   -0.02170198908513
H         1.19893028589343   -1.85891631906209   -1.55095441770342
H         3.64596765369452    1.38190727403855   -1.04728820372118
H         3.27063274437202    2.16378928675520    0.49018807750469
H         3.57468709138356   -1.21963092350753   -1.17516583023501
H         2.93970493009069   -2.10549954347906    0.20992669120933
Br       -2.77049772163716    0.41401098106988   -0.09884279830845
O         1.54570383303152    0.62250195571635   -2.85890494148481
C         2.65829107168149   -0.05551692366480   -3.37783009157160
H         2.66644206700617    0.19979473200884   -4.43867012528457
H         3.60589600934214    0.29922313531426   -2.94893262533096
H         2.58589569903765   -1.14059846194030   -3.27186880470247
23
 energy: -30.643790673759 gnorm: 0.043306385178 xtb: 6.3.2 (30e43eb)
C         2.87158024254035   -1.16639806496523   -0.35004034776057
C         3.23114645581754    0.00185437775228    0.56592731075964
C         1.54644506633964    1.45712907749352   -0.56900186440565
H         0.05187254115294    0.37926703915751   -1.60244101811275
C         3.00941128609656    1.32965668807213   -0.15334987042035
H         1.36176650501366    2.40414476190249   -1.08040853201834
H         0.91119273246444    1.43026361596359    0.32180003265440
C         1.44413409424570   -1.03341651515494   -0.88446291266938
H         2.59538739373421   -0.02578342258651    1.45375830469213
H         4.27103466736790   -0.08679858459984    0.88520931336221
C         1.10033684242057    0.31737532700490   -1.50435371119774
H         0.75295954334858   -1.13560719697529   -0.04126561671699
H         1.20357257727770   -1.84127014761453   -1.59087160630787
H         3.64311744283405    1.38510532183075   -1.03900485952626
H         3.27494564807009    2.16301465550736    0.50080745690741
H         3.58631424224676   -1.21303218428048   -1.17096126670754
H         2.94103495467360   -2.10384559004789    0.20600367574319
Br       -2.80593414614331    0.41018558306442   -0.09687659037665
O         1.52982231569355    0.58291353204851   -2.85993030977128
C         2.65449196703014   -0.06810170532300   -3.38521916598926
H         2.66053885609405    0.19333390005252   -4.44637159707925
H         3.59086679670378    0.29103958220073   -2.93450138067086
H         2.60055197497944   -1.16043005050176   -3.29212544438697
23
 energy: -30.645165674536 gnorm: 0.010538449095 xtb: 6.3.2 (30e43eb)
C         2.87310954444991   -1.16360025088555   -0.35166928587667
C         3.23082394735716    0.00235436311347    0.56613251996296
C         1.54780753164314    1.45910704428200   -0.57072464443140
H         0.00878955203391    0.39355530619041   -1.60286904669439
C         3.00889512351333    1.32990872145561   -0.15123875028199
H         1.36970481466996    2.40914597251012   -1.07890619555000
H         0.90656213370800    1.43046643123827    0.31471515492441
C         1.44449411365702   -1.03331259066334   -0.88538602973221
H         2.59663335485948   -0.02843533854046    1.45575122138298
H         4.27175066669256   -0.08519906362654    0.88457430215330
C         1.10352632052049    0.32325229591886   -1.50626152569585
H         0.74984468557664   -1.14140854672324   -0.04606406951510
H         1.21811739480579   -1.84331421382638   -1.58596158292619
H         3.64727121175186    1.39033336926440   -1.03346266823856
H         3.27052817581939    2.16109035610563    0.50726012742036
H         3.58795810317784   -1.20671994347477   -1.17330248544332
H         2.94732923057276   -2.10261467359704    0.20230394780896
Br       -2.83032237089750    0.40291080347683   -0.07497233284152
O         1.54705159836369    0.58679255672433   -2.85353425044005
C         2.66745643490835   -0.07288947127087   -3.39249533924325
H         2.66484669960315    0.18781406305760   -4.45269727142240
H         3.60653146266681    0.26915637733282   -2.94269726121584
H         2.58788027054812   -1.15779356806102   -3.29617453410302
23
 energy: -30.645495528480 gnorm: 0.008350707402 xtb: 6.3.2 (30e43eb)
C         2.87455912431124   -1.16087758417856   -0.35272697564418
C         3.22951028965614    0.00275985991167    0.56869343831016
C         1.55732627371759    1.46472270028156   -0.57475239813346
H         0.01348991145508    0.37769147021163   -1.60020134364510
C         3.01435179834687    1.33276472734233   -0.14563362998624
H         1.38485551901448    2.41398395718059   -1.08677375577489
H         0.90929583562137    1.44002057662336    0.30560362583212
C         1.44729526171416   -1.03065584109982   -0.88922030449220
H         2.59298036276086   -0.03004330326873    1.45645642554929
H         4.26924250076556   -0.08643172272119    0.89045567912768
C         1.11056051479662    0.32928037626020   -1.50756786555146
H         0.74846547776387   -1.14801977821021   -0.05521196939930
H         1.22604544488235   -1.83243421104043   -1.59947916713370
H         3.65789688551320    1.39498493124134   -1.02389081283359
H         3.27116161945342    2.16169838904673    0.51712314655245
H         3.59071670967801   -1.20104674410801   -1.17323534281155
H         2.94784560274913   -2.10214140332170    0.19774753934814
Br       -2.87338540795183    0.40109913207301   -0.05307405045488
O         1.53431961278971    0.57811386735000   -2.86267981942394
C         2.66510464224604   -0.07869490247445   -3.38960526136023
H         2.66234512080803    0.18550735361449   -4.44789542840736
H         3.60318515274664    0.26412260591912   -2.94091505581223
H         2.58942174716397   -1.16580445663137   -3.30089667385390
23
 energy: -30.645970489407 gnorm: 0.006080284354 xtb: 6.3.2 (30e43eb)
C         2.88173507056922   -1.15826835521638   -0.35261587928930
C         3.22744511756613    0.00207966446268    0.57561463140107
C         1.57421728465215    1.47189986035752   -0.58806333165748
H         0.02077810770794    0.39163333250849   -1.58933836135692
C         3.02328628883729    1.33497621651436   -0.13566025126142
H         1.41719673911036    2.41954073394945   -1.10986438324242
H         0.91400794342414    1.46184166102044    0.28371156861624
C         1.45724112598867   -1.02873274223511   -0.89464408632873
H         2.58368828058504   -0.03419187475093    1.45791544895789
H         4.26436986798372   -0.08874318383712    0.90636089137419
C         1.11708665531482    0.33227174772149   -1.51189501875176
H         0.75219229444555   -1.16570195537141   -0.06999511460256
H         1.24653596652578   -1.81312040895172   -1.62508990406973
H         3.68120383510719    1.40161144791912   -1.00308745421694
H         3.26890332259375    2.16001664214958    0.53615786898552
H         3.60056776492134   -1.19051500019124   -1.17102210201219
H         2.95571418786171   -2.10308794101889    0.19167570776236
Br       -2.96887673212242    0.39209482930881   -0.00850069343107
O         1.50977396871758    0.55188009632289   -2.87364054176339
C         2.65760583758710   -0.09005740360269   -3.39207901221620
H         2.66388837353820    0.18666034913301   -4.44662258781858
H         3.58650103120208    0.25787170675716   -2.92905980129425
H         2.59152766788673   -1.18135942294694   -3.31793759378172
23
 energy: -30.646385186913 gnorm: 0.005885582214 xtb: 6.3.2 (30e43eb)
C         2.88767157767663   -1.15465773030389   -0.35334636542056
C         3.22452505291798    0.00037154438361    0.58399510366837
C         1.59848366301037    1.48067507470272   -0.60854091807050
H         0.02849393453704    0.39647673097403   -1.56757727797002
C         3.03787301557584    1.33551935074015   -0.12725470670648
H         1.46217052768279    2.42432954895712   -1.14502839650034
H         0.92700209952507    1.49366445849389    0.25488083370107
C         1.46564207825022   -1.03077549942279   -0.90269315542787
H         2.56737236111686   -0.03591729339063    1.45637557117337
H         4.25623530838703   -0.09499783426444    0.93050514164876
C         1.12542025063991    0.33412891019170   -1.51823383955335
H         0.75757284502328   -1.18225111427388   -0.08529189545878
H         1.26773289950353   -1.80398877507879   -1.64343729689136
H         3.71821692067692    1.40527195121203   -0.97806605461465
H         3.26858100707787    2.15680629774647    0.55508070179290
H         3.61157485087406   -1.17877716971605   -1.16752450893367
H         2.96390978056497   -2.10179587178548    0.18578864383706
Br       -3.10468774655059    0.37705241733282    0.04989628125501
O         1.48559238144152    0.52118399279828   -2.88613588623632
C         2.64980411481490   -0.09616354527391   -3.40075203645950
H         2.67068636369751    0.19388602116738   -4.45086883642251
H         3.56314901229771    0.25907685500596   -2.91283114680567
H         2.59356770126498   -1.18851832019225   -3.33661995560088
23
 energy: -30.646685885323 gnorm: 0.006621743325 xtb: 6.3.2 (30e43eb)
C         2.89344009297713   -1.15715821112303   -0.35157430634251
C         3.22117114618681   -0.00383761244337    0.59054786820589
C         1.62008979905694    1.48469468190785   -0.63075477441786
H         0.03127940790797    0.40828379826559   -1.55004750235274
C         3.05170818668999    1.33091455773973   -0.12621261982143
H         1.50279700386639    2.42143538622414   -1.18442954270262
H         0.94263959412373    1.52393090564827    0.22763284626859
C         1.47262118135730   -1.03463434548847   -0.90363619186503
H         2.54900736454732   -0.03564024966422    1.45177810508274
H         4.24650904016715   -0.10448078552558    0.95419093187664
C         1.12835589185162    0.32918266554326   -1.52241567293110
H         0.76425135592166   -1.18962123584734   -0.08855905201482
H         1.27860941024521   -1.80589121339047   -1.64740536643899
H         3.75260989452550    1.39878676461133   -0.96121088635196
H         3.27071803091407    2.15190788116923    0.56080855497275
H         3.62042880676398   -1.17471597376334   -1.16320174087380
H         2.97175667870111   -2.10538749168618    0.18467948828434
Br       -3.22901602133699    0.36287275035527    0.10156919282498
O         1.45875186441412    0.49390093723883   -2.89949776458405
C         2.64608849297757   -0.08971406084752   -3.40526841248664
H         2.67491999423444    0.20878048614688   -4.45187834286402
H         3.54528591486641    0.28112107857565   -2.90383768811225
H         2.61256686904911   -1.18413071364108   -3.34895712335067
23
 energy: -30.647019553867 gnorm: 0.005453854661 xtb: 6.3.2 (30e43eb)
C         2.89526649794853   -1.16193164355273   -0.34760278053583
C         3.21636669822322   -0.00884092974375    0.59675594807070
C         1.64362358617609    1.48591974922009   -0.65437670264057
H         0.03487911713370    0.40902039412650   -1.53861747629777
C         3.06789419618520    1.32330138755061   -0.13029754643809
H         1.54690065662002    2.41107924982061   -1.23090242886736
H         0.96184581708001    1.55834938177576    0.19925418529011
C         1.47452754403072   -1.03997847573374   -0.90024539448686
H         2.52758169029437   -0.03146945681283    1.44521472670499
H         4.23384141630886   -0.11583764486147    0.97936813210474
C         1.13142864906501    0.32135979466760   -1.52502505295729
H         0.76673361374906   -1.18899410352218   -0.08337369830621
H         1.27940069962964   -1.81784058172069   -1.63909935788049
H         3.78608521026653    1.38197755218270   -0.95117708866677
H         3.27996490588062    2.14711991529005    0.55546024783238
H         3.62428492183943   -1.17502929711397   -1.15750694835746
H         2.97550946655953   -2.11060808939548    0.18712940260873
Br       -3.35464879013146    0.34127357958800    0.15683183628115
O         1.44203166474724    0.47063883438604   -2.90617876173423
C         2.64527037532488   -0.07320109458777   -3.41129958885344
H         2.67700211872086    0.23253225305872   -4.45548897756480
H         3.52714634265949    0.32022554387223   -2.89756016969405
H         2.64365360169889   -1.16846631848769   -3.35894250560490
23
 energy: -30.647312212738 gnorm: 0.004445785690 xtb: 6.3.2 (30e43eb)
C         2.89294139663234   -1.16951232961182   -0.34311392204661
C         3.20999127213009   -0.01542332175494    0.60101449482775
C         1.66415537676169    1.48590913875088   -0.67914696756360
H         0.03723830228338    0.40864497628915   -1.53100686664642
C         3.08199065155497    1.31173296025716   -0.13936619390431
H         1.58887362962070    2.39715747249258   -1.27878633776339
H         0.98015056609757    1.59292937135291    0.16931343866823
C         1.47163219114222   -1.04593767295073   -0.89349512265070
H         2.50668522231279   -0.02707846260835    1.43759805335068
H         4.21960614257368   -0.12814938907311    1.00102454661544
C         1.13274359796240    0.31210328648969   -1.52675773046698
H         0.76664493770950   -1.18353932672685   -0.07027370976850
H         1.27051738177432   -1.83564450189916   -1.62122131783128
H         3.81107706373531    1.35450375939909   -0.95063716656725
H         3.29570582988738    2.13989694535132    0.54052304877176
H         3.62155508929143   -1.18024887029752   -1.15354434425237
H         2.97432203550900   -2.11872434657213    0.19072528152532
Br       -3.46855762690920    0.31845772583418    0.21775673364519
O         1.42446634625644    0.44587649817650   -2.91729828867024
C         2.65387464407399   -0.04760718370277   -3.41209402554558
H         2.67740190023683    0.25686136507965   -4.45625852335420
H         3.51773874116780    0.38122217788876   -2.89479068205631
H         2.69583530820702   -1.14283027215717   -3.35784439830924
23
 energy: -30.647588462601 gnorm: 0.004518062600 xtb: 6.3.2 (30e43eb)
C         2.88781062755765   -1.17835379709937   -0.33705165714998
C         3.20206124763056   -0.02208440572270    0.60504162940418
C         1.68493114978708    1.48463562181843   -0.70455568059618
H         0.04041798942817    0.40512328176816   -1.53288060228339
C         3.09619617234833    1.29838123429378   -0.15032673163527
H         1.63352702007650    2.37916340834696   -1.33007261413253
H         0.99753392969019    1.62911921736053    0.13529646220579
C         1.46639022306808   -1.05052080752220   -0.88620205079693
H         2.48561162341684   -0.02163942147718    1.43015066732652
H         4.20391211116640   -0.13923213231143    1.02137839272729
C         1.13515096801149    0.30387818677274   -1.52984938189675
H         0.76336675619702   -1.17482506435668   -0.05659927369085
H         1.25622346973386   -1.85076772624302   -1.60428553563603
H         3.83221982645855    1.31963520207819   -0.95538712629871
H         3.31642272658668    2.13262797685043    0.52003553548035
H         3.61558076298829   -1.18836381684026   -1.14848386271719
H         2.96861615962952   -2.12822802368468    0.19626409389955
Br       -3.59360343045542    0.28814907068088    0.29753957162526
O         1.41906838429962    0.42126675913374   -2.92214297412249
C         2.66780203408620   -0.01881649955767   -3.41144686491827
H         2.67721404304457    0.28108298666817   -4.45771448712254
H         3.51020639630748    0.45096841951212   -2.89629445943035
H         2.75992980895473   -1.11059967046129   -3.35009305023366
23
 energy: -30.647711447149 gnorm: 0.006352949421 xtb: 6.3.2 (30e43eb)
C         2.88221900406975   -1.18530850760837   -0.33238147058335
C         3.19507207274154   -0.02802180636947    0.60837807104482
C         1.70444523178262    1.48639742307562   -0.72817453935672
H         0.04461035368539    0.40690598361497   -1.53295544797301
C         3.10863917155023    1.28753395428947   -0.15755035437340
H         1.67518759890255    2.36840684052989   -1.37217045982089
H         1.01378543331505    1.66166727558349    0.10273883133084
C         1.46123765884273   -1.05311296413247   -0.88077272079609
H         2.46934444373054   -0.01892682596293    1.42520365836012
H         4.19130659925437   -0.14954318581388    1.03699389991280
C         1.13909662274978    0.29894475666732   -1.53441446625393
H         0.75811441484802   -1.17032456742734   -0.04969403025124
H         1.24667881686444   -1.85539445016075   -1.59493608546954
H         3.85230963503957    1.29208283298401   -0.95638743791477
H         3.33378414797808    2.12493139692816    0.50738252122531
H         3.61041710386390   -1.19612960189460   -1.14363889245368
H         2.96076969406232   -2.13569013588913    0.20049489215092
Br       -3.71412837654333    0.25739895702439    0.37890587979061
O         1.40797216723028    0.39176973226266   -2.93375341852620
C         2.68112924822900    0.00271930546766   -3.41227781394432
H         2.68322480975384    0.29343115312667   -4.46156383394522
H         3.50022918839708    0.51578249289842   -2.89506019829604
H         2.82114495966520   -1.08492005918600   -3.34204658384890
23
 energy: -30.647798505886 gnorm: 0.003750943305 xtb: 6.3.2 (30e43eb)
C         2.87617616814094   -1.18877114177230   -0.32899464651780
C         3.19120960118086   -0.02983883467977    0.60878485190487
C         1.71116610656017    1.48722927980536   -0.73756933257158
H         0.04914292106379    0.41259398601328   -1.54200433187239
C         3.11176149633098    1.28264492834422   -0.16095559387643
H         1.69036048819746    2.36413086967704   -1.38465290202696
H         1.01946833643831    1.67038312178610    0.08652614828321
C         1.45705630106677   -1.05225400960039   -0.88053265381910
H         2.46545946374117   -0.01652235166890    1.42459471319448
H         4.18631124473793   -0.15240311217837    1.03891335668441
C         1.14377654429310    0.30037519388380   -1.53982642902450
H         0.75162284855869   -1.16580060713588   -0.05156066697663
H         1.24072813299021   -1.85180904930791   -1.59476472522954
H         3.85564324381540    1.27870995088829   -0.95904200528275
H         3.34148523790090    2.12139681236670    0.50029518218291
H         3.60544138661001   -1.20411918534296   -1.13925157044261
H         2.95017134455736   -2.13839403900819    0.20583071622440
Br       -3.76741407573423    0.23312031651925    0.43153390057832
O         1.41703606035371    0.38198429828400   -2.93668398166535
C         2.69241368285972    0.01217223947794   -3.41150905700525
H         2.68653344635676    0.28991095343027   -4.46462095781708
H         3.50004538413406    0.54268337329672   -2.90378887414466
H         2.85099463585837   -1.06682299307101   -3.32840114077223
23
 energy: -30.647858904506 gnorm: 0.002123904438 xtb: 6.3.2 (30e43eb)
C         2.87031587054246   -1.19209022822390   -0.32568578429577
C         3.18818521113775   -0.03192566219458    0.60960408022327
C         1.71792679709878    1.48746721102897   -0.74596244413044
H         0.04908857852126    0.41663235448356   -1.54573093420379
C         3.11555589555426    1.27864306904605   -0.16337124698042
H         1.70753580022377    2.36181196947597   -1.40004007955868
H         1.02346918292319    1.68177686264349    0.07429171720030
C         1.45342600803747   -1.05253425931418   -0.88191792979294
H         2.46187332676014   -0.01399501108687    1.42499627317332
H         4.18289621826283   -0.15704713841346    1.04063945276000
C         1.14330814970519    0.30015545016409   -1.54379508257217
H         0.74510490376836   -1.16413891432340   -0.05641662070848
H         1.23768017502869   -1.84753475220499   -1.59986908549069
H         3.86317388103229    1.26979867001740   -0.95814639834970
H         3.34567721896604    2.11818569094452    0.49647088188983
H         3.60167209013307   -1.21248192382659   -1.13398935595470
H         2.93948551259175   -2.14029323293777    0.21209793219993
Br       -3.80437171524032    0.21548653939350    0.47667435475555
O         1.41548879520918    0.36995161183279   -2.94043225126695
C         2.69923818083150    0.01904321868790   -3.41191547355329
H         2.69098709441409    0.28511665754566   -4.46837781003444
H         3.49441992917423    0.57554313258046   -2.90959094471014
H         2.88445289533571   -1.05697131531195   -3.31721325059240
23
 energy: -30.647913507121 gnorm: 0.002487273128 xtb: 6.3.2 (30e43eb)
C         2.86262480233959   -1.19522467921938   -0.32265871632253
C         3.18496789843269   -0.03340271102990    0.60930266150488
C         1.72172796921700    1.48870207856597   -0.75280226560132
H         0.05062412928298    0.42215643275951   -1.55251084180903
C         3.11692251837630    1.27645034038275   -0.16556633474750
H         1.71527632719591    2.36415212954190   -1.40607285565640
H         1.02582867372538    1.68557984846273    0.06586222849716
C         1.44892903831733   -1.05206819961215   -0.88563136072081
H         2.46025811363719   -0.01124196600172    1.42665552153486
H         4.18073926023611   -0.16214165024605    1.03827111304350
C         1.14415068577292    0.30146577745969   -1.54987107244212
H         0.73558427313845   -1.16431544436498   -0.06537570894240
H         1.23681925945503   -1.84173164219140   -1.60938163206666
H         3.86846222862458    1.26635227907446   -0.95677921652759
H         3.34509863178911    2.11581319036159    0.49501768990264
H         3.59769686343515   -1.22363399616698   -1.12754163860552
H         2.92413930089508   -2.14093152278399    0.22042382757674
Br       -3.81137810421952    0.19855308908405    0.51876022150844
O         1.41578490758047    0.36304448467644   -2.94707709192903
C         2.70622039000233    0.02412115212678   -3.41221070995659
H         2.69552114502937    0.26924008830885   -4.47385804211849
H         3.49035921026605    0.60572638764581   -2.91843411626011
H         2.91023247748062   -1.04606546682855   -3.29620165985601
23
 energy: -30.647970277100 gnorm: 0.002645183637 xtb: 6.3.2 (30e43eb)
C         2.85240590855123   -1.19841496649394   -0.31947552586978
C         3.18101093201733   -0.03426983980864    0.60790573323282
C         1.72157400838056    1.48930950839142   -0.75645710059565
H         0.05169308741219    0.42937268292422   -1.56291088083139
C         3.11551769832023    1.27557198678908   -0.16784935617290
H         1.71431321651069    2.36882078643261   -1.40558790980565
H         1.02492761820079    1.68171207587490    0.06327288443763
C         1.44333055178494   -1.05085786235337   -0.89285827902037
H         2.46030829808234   -0.00766693497167    1.42920126033631
H         4.17875584588942   -0.16669546852761    1.03223454932756
C         1.14444065847088    0.30460391118593   -1.55733461201489
H         0.72295904632424   -1.16414827648546   -0.07927410895605
H         1.23685016886081   -1.83733671343347   -1.62048002311985
H         3.86977444653547    1.26596813645783   -0.95643422018600
H         3.34147133207084    2.11438488374378    0.49443990890693
H         3.59278564290025   -1.23815177730212   -1.11926776243656
H         2.90350257003656   -2.14053781393697    0.23121841216257
Br       -3.78415555521237    0.18210160110577    0.55796475447743
O         1.42017480867840    0.36372633353535   -2.95328490061075
C         2.71381889534291    0.02871218260425   -3.41158024066266
H         2.69869042271377    0.24408342902008   -4.48021296333198
H         3.48928781065204    0.63476604443581   -2.93529243562750
H         2.93315258748395   -1.03445390918431   -3.26561718363491
23
 energy: -30.648010731106 gnorm: 0.002073267976 xtb: 6.3.2 (30e43eb)
C         2.84325615905396   -1.20106183258054   -0.31657833415142
C         3.17644312728709   -0.03500945846805    0.60693967983093
C         1.72054124361569    1.48900695462283   -0.75966400387254
H         0.05188504532238    0.43325355090092   -1.57277076975158
C         3.11401270582570    1.27406959507680   -0.17104549488131
H         1.71044091099237    2.37159348976809   -1.40388748913131
H         1.02423731689665    1.67586710152181    0.06185501098062
C         1.43782230490727   -1.04919992239172   -0.89814583576570
H         2.45762724628544   -0.00414554318992    1.42986289105924
H         4.17460639419587   -0.16995767075646    1.02951530536572
C         1.14427693249935    0.30669847295897   -1.56373929303738
H         0.71209476240564   -1.16221742510971   -0.08875265332078
H         1.23470608475529   -1.83663157813724   -1.62675267567047
H         3.86900295749432    1.26257091765099   -0.95876388871408
H         3.34047278801258    2.11300293215431    0.49129919172402
H         3.58774446339317   -1.24994734867866   -1.11212014713869
H         2.88571772025771   -2.14054807191901    0.23964353225499
Br       -3.74854341309770    0.16913236103403    0.59043639961778
O         1.42462544093500    0.36618124587104   -2.95912934099376
C         2.72161966779371    0.03479623021520   -3.41090674887076
H         2.70189657411201    0.22259684815270   -4.48517272744908
H         3.49033226092345    0.66217691434628   -2.95094593760052
H         2.95177130613785   -1.02162776304113   -3.23885667048130
23
 energy: -30.648043714203 gnorm: 0.001363505873 xtb: 6.3.2 (30e43eb)
C         2.83643662155202   -1.20258084513922   -0.31434554306285
C         3.17113667292624   -0.03547772909398    0.60722666564433
C         1.71818440392782    1.48883573587099   -0.76093259563689
H         0.05210579507088    0.43536204940770   -1.58126459940753
C         3.11196733545867    1.27229422864487   -0.17357962853433
H         1.70659492092869    2.37354856283835   -1.40310308679307
H         1.02160739503005    1.67180303089592    0.06243130952765
C         1.43362039441033   -1.04789365220984   -0.90196359434547
H         2.45146703852500   -0.00133328215183    1.42918302216727
H         4.16834844164991   -0.17169858503240    1.03123937012956
C         1.14450522425515    0.30808685246060   -1.56817023836676
H         0.70457464899462   -1.15966850929638   -0.09484594033870
H         1.23242245433817   -1.83855763547172   -1.62888261073971
H         3.86632566813564    1.25700734538852   -0.96180945346089
H         3.34104940114163    2.11189366548158    0.48723764117274
H         3.58401968990296   -1.25696384299448   -1.10652696707286
H         2.87294449614651   -2.14061031378742    0.24466895034745
Br       -3.70758029545391    0.15887664727233    0.61481540166102
O         1.42919426029346    0.36995840423722   -2.96290807423614
C         2.72740590233373    0.04019440070902   -3.41104914583013
H         2.70423078036033    0.20810562325503   -4.48820595473906
H         3.49214873608074    0.68007949391339   -2.96578610200172
H         2.96388001399369   -1.01066164519848   -3.22110882608296
23
 energy: -30.648075771279 gnorm: 0.002966338193 xtb: 6.3.2 (30e43eb)
C         2.82556721361929   -1.20599594433635   -0.30999042602686
C         3.16009999753562   -0.03720013054604    0.60902947803586
C         1.71908919876634    1.48771192690822   -0.76813889075412
H         0.05199798534024    0.43835010478791   -1.59486163663039
C         3.11160340038251    1.26666448884647   -0.17915324487380
H         1.70867024383194    2.37241836081626   -1.40756271544654
H         1.02296986866432    1.66916728666256    0.05504129985065
C         1.42635699749659   -1.04607992379295   -0.90587003963979
H         2.43470968935707    0.00400425249243    1.42527239710132
H         4.15317542532401   -0.17568436543650    1.04103428462962
C         1.14433972803845    0.30883298830077   -1.57607889755537
H         0.69359445174950   -1.15209178008959   -0.10076193134492
H         1.22483811845041   -1.84258955023424   -1.62776690444805
H         3.86482710704761    1.23962676877632   -0.96803062345689
H         3.34772958605457    2.10862948906010    0.47620824874415
H         3.57733849168665   -1.26639218193394   -1.09763757706965
H         2.85404914992126   -2.14274281140729    0.25152887289835
Br       -3.66454544737394    0.13900336024519    0.66774037380786
O         1.43483617282952    0.36837453697927   -2.97060319621212
C         2.73851319009105    0.05224027057755   -3.41212467377956
H         2.70647717918499    0.19089914036621   -4.49324834569062
H         3.49162758038070    0.72321611134835   -2.98747108009122
H         2.99872467161985   -0.98976239839369   -3.19423477204944
23
 energy: -30.648100605911 gnorm: 0.001075812392 xtb: 6.3.2 (30e43eb)
C         2.82518510606515   -1.20580006618751   -0.30945650756936
C         3.15763564248234   -0.03719211808916    0.61042969947892
C         1.71900263824322    1.48774194835676   -0.76848911241085
H         0.05227143750824    0.43803044924070   -1.59518227928989
C         3.11081883852395    1.26593879566391   -0.17829666057224
H         1.71116317682954    2.37190381373984   -1.40976526336660
H         1.02169528345220    1.67166720493910    0.05330898498602
C         1.42607641307418   -1.04648886504574   -0.90547362684914
H         2.43032620498310    0.00423804871188    1.42477626621909
H         4.14971699682373   -0.17571280904242    1.04457209555732
C         1.14453360038454    0.30829639507721   -1.57650416549324
H         0.69290324994937   -1.15214583260525   -0.10098974201460
H         1.22433912948782   -1.84016460380867   -1.62960227644991
H         3.86468607831028    1.23758802872536   -0.96635123817677
H         3.34685839431688    2.10827379394711    0.47627087027472
H         3.57734992385638   -1.26464082236965   -1.09687448691162
H         2.85428565429134   -2.14300910938300    0.25119289935684
Br       -3.65236491294631    0.13830630894185    0.67187749793033
O         1.43424990391305    0.36516541905446   -2.97082707906688
C         2.73808843247898    0.05216497529057   -3.41365974052827
H         2.70780489719606    0.19214316446804   -4.49402430428367
H         3.48931323618907    0.72179552089617   -2.98725312372423
H         3.00065067458546   -0.98749964052467   -3.19735870709709
23
 energy: -30.648129069561 gnorm: 0.002137359173 xtb: 6.3.2 (30e43eb)
C         2.82320697521661   -1.20568789960107   -0.30795272607155
C         3.14969949209346   -0.03739224403968    0.61436709801615
C         1.72007602311452    1.48829180128378   -0.77260641032230
H         0.05231493131015    0.43765204140958   -1.59650494513271
C         3.10881938620867    1.26418552004603   -0.17617261522015
H         1.71890488940835    2.37055250815897   -1.41830100608311
H         1.01942951969365    1.67889325824713    0.04490046930815
C         1.42488735503854   -1.04800780442480   -0.90530228357369
H         2.41622452036433    0.00459418676463    1.42294269281009
H         4.13844641486820   -0.17618818230923    1.05593257301939
C         1.14435659073570    0.30697929404847   -1.57830088677514
H         0.69113222496402   -1.15360099537004   -0.10198442980445
H         1.22384838122871   -1.83757127598444   -1.63280468375158
H         3.86514708645575    1.23198627919221   -0.96153653183981
H         3.34447153221133    2.10752660488511    0.47680463108709
H         3.57663821828311   -1.26008525682002   -1.09453622459208
H         2.85440546401604   -2.14413527253562    0.25042509861959
Br       -3.61416565951586    0.13586008380743    0.68577309773781
O         1.43209929101554    0.35730542562458   -2.97204033446964
C         2.73768606177275    0.05292805026995   -3.41591736201304
H         2.70974030422122    0.19839178944673   -4.49482944514153
H         3.48389825547779    0.72219692467317   -2.98474327484801
H         3.00532274181590   -0.98407483677648   -3.20529250095932
23
 energy: -30.648148697450 gnorm: 0.002095086121 xtb: 6.3.2 (30e43eb)
C         2.82150613790553   -1.20579491895983   -0.30706280390983
C         3.14459184943780   -0.03758866859803    0.61655802646645
C         1.72105095783995    1.48833728327952   -0.77627853695247
H         0.05209001481823    0.43740841129123   -1.59739742750478
C         3.10779786176682    1.26318753532769   -0.17539673593680
H         1.72353709287016    2.36873528172235   -1.42456095882717
H         1.01870175078720    1.68320297750471    0.03874093787746
C         1.42382167162860   -1.04888311462038   -0.90572839191133
H         2.40720002176553    0.00505131555486    1.42159812045814
H         4.13115072942491   -0.17649997713863    1.06301417628376
C         1.14401325743700    0.30608579250801   -1.57990844708367
H         0.68934074977500   -1.15459747940551   -0.10315949265176
H         1.22381283829275   -1.83839287357936   -1.63349794308071
H         3.86647904716916    1.22878539574375   -0.95848383114581
H         3.34267797940193    2.10707199660560    0.47716812685668
H         3.57594735798954   -1.25804866754977   -1.09286428038759
H         2.85352411438626   -2.14477067727752    0.25036034212652
Br       -3.58935048839769    0.13415779392497    0.69585012136178
O         1.43064690375506    0.35352173524286   -2.97360397431729
C         2.73793594809319    0.05433190455593   -3.41664248854571
H         2.71064742522960    0.20340825435342   -4.49518130866264
H         3.48133996047508    0.72476139379473   -2.98220999334786
H         3.00812681814677   -0.98287069428453   -3.20899323716435
23
 energy: -30.648187227428 gnorm: 0.001293465035 xtb: 6.3.2 (30e43eb)
C         2.81709603859088   -1.20643351419709   -0.30467357659844
C         3.13328412113646   -0.03818442407317    0.62119934435295
C         1.72353035451756    1.48816759755626   -0.78555571081738
H         0.05129997503928    0.43671681510349   -1.59943234418244
C         3.10558796296091    1.26090548044172   -0.17410262578720
H         1.73399167542264    2.36371057966714   -1.43985153952021
H         1.01796180306216    1.69288700171004    0.02421816172414
C         1.42113878370448   -1.05082860902836   -0.90713254563059
H         2.38737894408105    0.00648908685483    1.41849218250754
H         4.11495070182269   -0.17739002606870    1.07839378779182
C         1.14295828221037    0.30376660998580   -1.58366859093076
H         0.68456059598830   -1.15657736113629   -0.10634735726116
H         1.22363687610091   -1.84205993181292   -1.63413820853835
H         3.87029550758833    1.22193592813169   -0.95137360477638
H         3.33802606554440    2.10604363530973    0.47790071386275
H         3.57387532704092   -1.25490604482910   -1.08852648253796
H         2.85001429174243   -2.14631219540104    0.25114144810246
Br       -3.53229136877793    0.12969644736056    0.71938018462825
O         1.42724775277946    0.34598676731166   -2.97769315364721
C         2.73862616806185    0.05874438108876   -3.41795777681270
H         2.71293403644458    0.21508414930603   -4.49591321691430
H         3.47569529225608    0.73250593078875   -2.97625677956971
H         3.01479081268044   -0.97934830407445   -3.21578230944206
23
 energy: -30.648215451656 gnorm: 0.001271080560 xtb: 6.3.2 (30e43eb)
C         2.80956575545595   -1.20781885477928   -0.30093304448328
C         3.11665703575919   -0.03918935989079    0.62730535893757
C         1.72638630730549    1.48749129861841   -0.79916927318061
H         0.05023586644055    0.43574198031607   -1.60463715083094
C         3.10164285395555    1.25758289648481   -0.17255000375169
H         1.74842279442762    2.35569138881757   -1.46222993299657
H         1.01630723702108    1.70633432414533    0.00300825849353
C         1.41665644314884   -1.05332720678066   -0.91022152018654
H         2.35967479656577    0.00879061071118    1.41422870520464
H         4.09166060626464   -0.17884714388281    1.09852361065461
C         1.14143723233332    0.30028709870250   -1.58997321142508
H         0.67640405454244   -1.15898401652089   -0.11246432995042
H         1.22297299790097   -1.84743308274503   -1.63588864955341
H         3.87548686831329    1.21306055607698   -0.94083335528164
H         3.32957116942929    2.10435983485980    0.47916151032000
H         3.57023172748827   -1.25296926691655   -1.08130337724039
H         2.84176828033848   -2.14839355860843    0.25366255643275
Br       -3.44661656956656    0.12271097480748    0.75897108942335
O         1.42380216847025    0.33636057635681   -2.98471473263646
C         2.74095354131543    0.06605571607391   -3.41966483937589
H         2.71857620510320    0.22964294792951   -4.49698488583997
H         3.46838367194620    0.74556113755204   -2.96887232480822
H         3.02640895603872   -0.97210885133382   -3.22210045791904
23
 energy: -30.648228683952 gnorm: 0.000806326673 xtb: 6.3.2 (30e43eb)
C         2.80687183112915   -1.20846503685103   -0.30019516052612
C         3.11333195813519   -0.03947144197493    0.62762253487509
C         1.72577677500401    1.48726966748192   -0.80154159573270
H         0.05022908428643    0.43581906097420   -1.60872029574787
C         3.09965967748898    1.25713827238020   -0.17232648213668
H         1.74978214923125    2.35448295374413   -1.46549053486843
H         1.01472499677692    1.70759084050698   -0.00097601433609
C         1.41521765067239   -1.05343872282807   -0.91232917864013
H         2.35588779806738    0.00907553313427    1.41371372220080
H         4.08768116310822   -0.17924699387307    1.09954859348045
C         1.14131553867628    0.29994980027354   -1.59229176453995
H         0.67363429501166   -1.15893376530398   -0.11579432634012
H         1.22254527407596   -1.84768682034379   -1.63813115666778
H         3.87495774511278    1.21270637554113   -0.93887998214624
H         3.32621228230564    2.10391640020816    0.47981478698681
H         3.56900151828891   -1.25519911951428   -1.07900686263126
H         2.83692905435163   -2.14854102492293    0.25535611762992
Br       -3.42901105709194    0.12115804913107    0.77424514839316
O         1.42571637981111    0.33601968618019   -2.98699093892540
C         2.74357246318029    0.06762566644443   -3.41962900977880
H         2.72253223116973    0.22854805767013   -4.49718066750126
H         3.46889441759204    0.74936427698064   -2.96945983942864
H         3.03112677361385   -0.96908171504512   -3.21903709361146
23
 energy: -30.648250684031 gnorm: 0.000741593290 xtb: 6.3.2 (30e43eb)
C         2.80367196250109   -1.20944292304283   -0.30040305056822
C         3.11303159912049   -0.03980416014911    0.62560773677915
C         1.72233406864323    1.48725173562180   -0.80080982261075
H         0.05071315003576    0.43640333837076   -1.61706696207705
C         3.09665231375332    1.25747444857468   -0.17303576973898
H         1.74516843358930    2.35624044312974   -1.46239435041322
H         1.01066092344845    1.70359565561847   -0.00003244750913
C         1.41365127863538   -1.05232466820753   -0.91625202899528
H         2.35922770980886    0.00854958763495    1.41484995993637
H         4.08944062371321   -0.17985073191092    1.09276969641129
C         1.14178143960101    0.30103120759553   -1.59564551099425
H         0.67020591013033   -1.15750072987359   -0.12149993909385
H         1.22199641033835   -1.84565728598724   -1.64309133633693
H         3.87132270282538    1.21576668153612   -0.94000080279319
H         3.32220656049900    2.10335311465152    0.48053136946844
H         3.56777927194094   -1.26205136255572   -1.07690414840364
H         2.82841980688778   -2.14787737848123    0.25829803758281
Br       -3.42720905268211    0.12111816198155    0.79546339302775
O         1.43222432503681    0.33968334369148   -2.98981516880795
C         2.74981267722785    0.06801144593960   -3.41849670586303
H         2.73031874719967    0.21766387840220   -4.49747565934316
H         3.47433955411609    0.75429948276177   -2.97492150059636
H         3.03883958362743   -0.96533328530851   -3.20735498905256
23
 energy: -30.648268407055 gnorm: 0.001011506121 xtb: 6.3.2 (30e43eb)
C         2.79921191461346   -1.21080666890723   -0.30028866924157
C         3.11120826784738   -0.04024830558768    0.62379612223171
C         1.71886886737087    1.48712390387869   -0.80120666218060
H         0.05108791749782    0.43721712730401   -1.62679716088582
C         3.09331003924390    1.25776220815194   -0.17373871289522
H         1.74028388362504    2.35871212809067   -1.45966860400502
H         1.00613319776348    1.69879856518269   -0.00005105428356
C         1.41126779966280   -1.05145707053567   -0.92069213738604
H         2.36018451159899    0.00827251916997    1.41568320031153
H         4.08929557695927   -0.18065995344646    1.08763407126719
C         1.14212098569862    0.30209483063489   -1.60023494525589
H         0.66527907690995   -1.15586933760768   -0.12823901161674
H         1.22109660936729   -1.84419005041413   -1.64846469439162
H         3.86744361546038    1.21760573576941   -0.94123116115792
H         3.31844294467318    2.10299196373364    0.48084139219642
H         3.56560820715351   -1.26885490127525   -1.07414839881856
H         2.81881997820216   -2.14771488100145    0.26133248174180
Br       -3.41864606407965    0.12072816246136    0.82228402492028
O         1.43906721592365    0.34231349445888   -2.99342624994907
C         2.75753384195707    0.06906319318723   -3.41742124862045
H         2.73934519117412    0.20590420608741   -4.49820044662840
H         3.48002291873612    0.76236945138635   -2.98124583565552
H         3.04960350263792   -0.96055632072856   -3.19419629968737
23
 energy: -30.648282120926 gnorm: 0.000796016733 xtb: 6.3.2 (30e43eb)
C         2.79549215781338   -1.21159361640830   -0.29998416971230
C         3.10808072498260   -0.04062660710542    0.62344580292898
C         1.71658906548588    1.48674953778141   -0.80236334624323
H         0.05168493404734    0.43785679391650   -1.63420092834727
C         3.09088216006422    1.25706517393308   -0.17473884126973
H         1.73720290377894    2.36020318974816   -1.45849995861423
H         1.00274251932625    1.69523432698506   -0.00112026953400
C         1.40921064606351   -1.05110287760332   -0.92383413986524
H         2.35741312557708    0.00866390759810    1.41582302146022
H         4.08639975579975   -0.18147857099584    1.08699654807510
C         1.14262983697108    0.30263826756655   -1.60439879601721
H         0.66112610625482   -1.15483184172153   -0.13328026863819
H         1.22041296005313   -1.84387026463682   -1.65193994027139
H         3.86520331276945    1.21659568454605   -0.94214998269682
H         3.31603300323068    2.10216611368059    0.47995709607074
H         3.56366845929134   -1.27257593252691   -1.07185957230796
H         2.81200477034082   -2.14755636715654    0.26328197052038
Br       -3.40609349187056    0.12053960176606    0.84488041796954
O         1.44369113966430    0.34282597503914   -2.99657019571086
C         2.76370273319792    0.07068725530893   -3.41700662032978
H         2.74577926308781    0.19813652185750   -4.49898199523747
H         3.48330839073060    0.77078904129293   -2.98637237777702
H         3.05942552333673   -0.95591531287272   -3.18476345444147
23
 energy: -30.648293233155 gnorm: 0.000738867959 xtb: 6.3.2 (30e43eb)
C         2.79172386497655   -1.21238229109032   -0.29968336800982
C         3.10485886661799   -0.04100517779766    0.62310676204712
C         1.71427781959955    1.48637126119348   -0.80357786680528
H         0.05229473909464    0.43848859161921   -1.64174747331358
C         3.08839497187888    1.25636770182382   -0.17573019532700
H         1.73411811314634    2.36169050374839   -1.45738931423182
H         0.99928075094389    1.69166357109007   -0.00228041552040
C         1.40713351486552   -1.05075321622364   -0.92704702028919
H         2.35450856500352    0.00905421274681    1.41593964803555
H         4.08338911377290   -0.18229540226267    1.08641767635071
C         1.14315080414155    0.30317621143155   -1.60864906800294
H         0.65691480415557   -1.15379846378666   -0.13842737257089
H         1.21974446897256   -1.84355599352396   -1.65549496673400
H         3.86293973207009    1.21558496101063   -0.94302531640480
H         3.31353285336735    2.10134096432863    0.47909142970535
H         3.56171678998249   -1.27629632630821   -1.06953943706121
H         2.80511761094225   -2.14739972037243    0.26522878159185
Br       -3.39330660283471    0.12037978403609    0.86806073177734
O         1.44840100745361    0.34333265008821   -2.99978489596478
C         2.76998342221525    0.07231499293569   -3.41659512776430
H         2.75237827323723    0.19037063892587   -4.49976847977267
H         3.48667938617538    0.77921876154288   -2.99146551282694
H         3.06935713021845   -0.95126821516357   -3.17531919889624
23
 energy: -30.648301485358 gnorm: 0.000948324690 xtb: 6.3.2 (30e43eb)
C         2.78790798681730   -1.21317265902918   -0.29938621697972
C         3.10154544643934   -0.04138406674057    0.62277849100053
C         1.71193557814735    1.48598938937478   -0.80484866930037
H         0.05291709104506    0.43911292223396   -1.64943357811205
C         3.08584958387423    1.25566995939863   -0.17671284139415
H         1.73102959397189    2.36317419211756   -1.45633536569580
H         0.99574914662519    1.68808693434432   -0.00352938751269
C         1.40503676104173   -1.05040778446080   -0.93032931040400
H         2.35147545095142    0.00944320101982    1.41603422135404
H         4.08026743229658   -0.18311051793701    1.08589462536636
C         1.14368362125611    0.30370898041191   -1.61298360612523
H         0.65264632756306   -1.15276907341699   -0.14367817983061
H         1.21909075093298   -1.84324664191480   -1.65912832961082
H         3.86065328347926    1.21457472668618   -0.94385792991106
H         3.31094376821479    2.10051636793676    0.47824464132377
H         3.55975333547415   -1.28001705672560   -1.06718865169118
H         2.79815936970337   -2.14724460505969    0.26717344621816
Br       -3.38029073593121    0.12024739627821    0.89181084072115
O         1.45319508579874    0.34383423363888   -3.00306870257336
C         2.77637317403839    0.07394604376941   -3.41618654730840
H         2.75913870557191    0.18260597765383   -4.50055956428179
H         3.49013421088927    0.78765741215034   -2.99652594092709
H         3.07939503179571   -0.94661533173812   -3.16586344431236
23
 energy: -30.648306439251 gnorm: 0.001378498624 xtb: 6.3.2 (30e43eb)
C         2.78405380624070   -1.21396420555124   -0.29909226321240
C         3.09815936048511   -0.04176331956260    0.62245865622727
C         1.70956805304206    1.48560503881708   -0.80616404504364
H         0.05354972062946    0.43973180795647   -1.65723176237345
C         3.08325737871056    1.25497190449140   -0.17768868093868
H         1.72793751029704    2.36465556037372   -1.45532619979916
H         0.99216088616359    1.68450565929733   -0.00484898131754
C         1.40292400727114   -1.05006537695292   -0.93366730490363
H         2.34834109537875    0.00983077575272    1.41611204588940
H         4.07705821508604   -0.18392448250141    1.08541466147369
C         1.14422612637189    0.30423812206360   -1.61738569554669
H         0.64833164304702   -1.15174262590205   -0.14901222544977
H         1.21844859323265   -1.84294067485818   -1.66282477133299
H         3.85834835719667    1.21356581897731   -0.94465662319089
H         3.30828283435571    2.09969164991375    0.47741343384216
H         3.55778017124233   -1.28373894050129   -1.06481366547376
H         2.79114337133945   -2.14709020467302    0.26911669764097
Br       -3.36709219311470    0.12013616243740    0.91601685614597
O         1.45805693820727    0.34433231248978   -3.00640804927784
C         2.78285052675312    0.07557934155206   -3.41578002656835
H         2.76602871641272    0.17484062993099   -4.50135438007125
H         3.49365679554484    0.79610331613710   -3.00156064724032
H         3.08951808610292   -0.94195826969659   -3.15639702946446
23
 energy: -30.648307311206 gnorm: 0.001950569961 xtb: 6.3.2 (30e43eb)
C         2.78022336292977   -1.21475526590585   -0.29879600638725
C         3.09481745106515   -0.04214222781577    0.62213373043298
C         1.70721652296484    1.48522179164397   -0.80745252800352
H         0.05417581653225    0.44035346289108   -1.66496062428590
C         3.08069412033091    1.25427426604176   -0.17866844191521
H         1.72484832792450    2.36613760884425   -1.45429028296384
H         0.98860823147684    1.68092735163751   -0.00612577097365
C         1.40082143915148   -1.04972149171178   -0.93697094382749
H         2.34526764994877    0.01021958282578    1.41619930469236
H         4.07390167596715   -0.18473884633846    1.08490950582742
C         1.14476245954062    0.30476889342348   -1.62174604124726
H         0.64404592169596   -1.15071467416754   -0.15429492769751
H         1.21779964747505   -1.84263312934313   -1.66648209890136
H         3.85605494391330    1.21255549652961   -0.94547572892066
H         3.30566651565074    2.09886770635803    0.47657236640067
H         3.55581325234442   -1.28745949393101   -1.06245307694142
H         2.78416359954141   -2.14693585153500    0.27106068476733
Br       -3.35400552446442    0.12001264758685    0.93994261099159
O         1.46287686072635    0.34483213861453   -3.00971292041686
C         2.78927358620223    0.07721163751949   -3.41537253565550
H         2.77283883304090    0.16707776369366   -4.50214663358230
H         3.49713710458011    0.80454388425227   -3.00661051450549
H         3.09958820145777   -0.93730325112275   -3.14693912687121
23
 energy: -30.648319393474 gnorm: 0.001349610615 xtb: 6.3.2 (30e43eb)
C         2.78008881125625   -1.21506902099689   -0.29804679464404
C         3.09285988573665   -0.04202700478655    0.62301019244377
C         1.70819030072819    1.48470041534689   -0.80898977305994
H         0.05387063566391    0.43957482679483   -1.66446004212658
C         3.08093129981695    1.25409821411544   -0.17834888673634
H         1.72658300641622    2.36506991480862   -1.45647972354531
H         0.98947569100033    1.68160918934350   -0.00816377155183
C         1.40096932929208   -1.05050465843792   -0.93671566345061
H         2.34079061764662    0.01093948702752    1.41467677327289
H         4.07043317385998   -0.18455899156228    1.08906476331893
C         1.14446694481440    0.30388445148143   -1.62199766401838
H         0.64420265824487   -1.15128353420559   -0.15410488116228
H         1.21815819798725   -1.84382030253140   -1.66589976178627
H         3.85666737829549    1.21018190138824   -0.94462480266146
H         3.30645588534924    2.09954152226027    0.47576152189186
H         3.55585139515889   -1.28575879116433   -1.06154766155973
H         2.78518594041593   -2.14784274105483    0.27073744788555
Br       -3.34741461396340    0.12074735142028    0.94197211539158
O         1.46177352684124    0.34288457862923   -3.00969786131553
C         2.78887204941397    0.07828963046663   -3.41596130120705
H         2.77236062335991    0.17066491944716   -4.50201649369180
H         3.49552353194892    0.80532229824832   -3.00575638109836
H         3.10029373071220   -0.93604365604769   -3.15009135057297
23
 energy: -30.648344716039 gnorm: 0.001232728630 xtb: 6.3.2 (30e43eb)
C         2.78053425377580   -1.21536399751153   -0.29562119511956
C         3.08419576648962   -0.04191337854924    0.62782131795853
C         1.71163919649873    1.48280070682923   -0.81518403064825
H         0.05387099227062    0.43546129315915   -1.66182338453623
C         3.08114565014366    1.25133578581920   -0.17785150624229
H         1.73509788587162    2.35903947702456   -1.46771593602048
H         0.99229219279230    1.68728538127265   -0.01739416322998
C         1.40193517784829   -1.05425145004968   -0.93563356526915
H         2.32175288905587    0.01343869051390    1.40904477685010
H         4.05518586299767   -0.18373550319037    1.10691385896021
C         1.14446989516343    0.29935311339045   -1.62266976519930
H         0.64519163558905   -1.15483390779325   -0.15316431280375
H         1.22009709720158   -1.84857458054812   -1.66404018674255
H         3.85973768238870    1.19985099841106   -0.94044995653978
H         3.30740483015905    2.09974286734307    0.47222003434367
H         3.55765645675305   -1.27864436564863   -1.05833549298742
H         2.78963329164029   -2.15007838952518    0.26975012913425
Br       -3.32011607708899    0.12592350607572    0.95212099178862
O         1.45715745892444    0.33424262633816   -3.01048202813993
C         2.78662616455948    0.08328044367539   -3.41899535938509
H         2.77025841343386    0.18658573879507   -4.50308702529062
H         3.48665033673371    0.81002389103311   -3.00076300667941
H         3.10417294679405   -0.93036894687414   -3.16234019418462
23
 energy: -30.648355440729 gnorm: 0.001122273198 xtb: 6.3.2 (30e43eb)
C         2.78004115858980   -1.21642311643255   -0.29416872553215
C         3.07887554127061   -0.04218006607256    0.62970533803643
C         1.71240982329163    1.48110523214396   -0.81907466641059
H         0.05344644046842    0.43257333755363   -1.66357252598462
C         3.08005280471841    1.24992104928762   -0.17753626529412
H         1.73890197410756    2.35513137620340   -1.47434030226068
H         0.99170711000936    1.68950233134270   -0.02367068166336
C         1.40248260611774   -1.05633661059680   -0.93660520920432
H         2.31198596125004    0.01394223826015    1.40619044201992
H         4.04683683858158   -0.18336395957417    1.11441887852692
C         1.14410873685094    0.29657883889103   -1.62452229064257
H         0.64511394595809   -1.15762381785956   -0.15488898757382
H         1.22222141132750   -1.85092209713802   -1.66504117367515
H         3.86064894921003    1.19555877659280   -0.93771838936018
H         3.30572469326759    2.09946260196419    0.47129982403884
H         3.55852358779660   -1.27731356888531   -1.05566319462560
H         2.79001387473267   -2.15167390521275    0.27036694391864
Br       -3.30615463050678    0.13232939392782    0.96804184666883
O         1.45633179747749    0.32956446311378   -3.01264007417287
C         2.78765136618898    0.08690869373637   -3.41995480784986
H         2.77191162065281    0.19192003848084   -4.50396879382260
H         3.48271952500565    0.81728790349135   -2.99975202187280
H         3.11103486362891   -0.92534913322764   -3.16458516324643
23
 energy: -30.648368065414 gnorm: 0.000549437732 xtb: 6.3.2 (30e43eb)
C         2.77974506003936   -1.21743942655210   -0.29325596973113
C         3.07436334785366   -0.04276577709865    0.63130814101232
C         1.71245587267668    1.47961224740469   -0.82334735287562
H         0.05372561907006    0.42860401694163   -1.66563159475038
C         3.07795717577573    1.24843591342245   -0.17718634387423
H         1.74206916830936    2.35128681151020   -1.48155769758957
H         0.99004433327892    1.69196652199359   -0.03069823612459
C         1.40318502961304   -1.05944240497772   -0.93843592923495
H         2.30402787137764    0.01341949507707    1.40409002532340
H         4.04012018550276   -0.18290551678016    1.12027408605235
C         1.14441765365258    0.29319230439792   -1.62630628214971
H         0.64473173057143   -1.16206116307068   -0.15785423326094
H         1.22539287320252   -1.85416524845886   -1.66735426081838
H         3.86101661195398    1.19310927545140   -0.93464769396525
H         3.30162471100237    2.09862983451473    0.47147113421006
H         3.56002336972176   -1.27716365479432   -1.05306053720593
H         2.78979448253647   -2.15272552046708    0.27121686659255
Br       -3.29719563947251    0.14269978883691    0.98800541031621
O         1.45645726933705    0.32496082767091   -3.01507127524941
C         2.78940794312863    0.09093365416309   -3.42054632294618
H         2.77456482955716    0.19599458972756   -4.50484299825793
H         3.47932995560877    0.82590155369365   -2.99936972881636
H         3.11933054569782   -0.91947812261621   -3.16487920663751
23
 energy: -30.648383249912 gnorm: 0.000666990770 xtb: 6.3.2 (30e43eb)
C         2.77961364115949   -1.21909950880174   -0.29260336468350
C         3.06984763042579   -0.04367125956418    0.63229685488219
C         1.71113117275213    1.47710784827932   -0.82759178751346
H         0.05384122057254    0.42349995731616   -1.66973444192346
C         3.07465540557679    1.24716669461979   -0.17678900334885
H         1.74390165585307    2.34638988151045   -1.48869383293011
H         0.98639179483250    1.69325498261698   -0.03810808439655
C         1.40450296010282   -1.06277432193079   -0.94135835229524
H         2.29742992008046    0.01182821661821    1.40300041914397
H         4.03447413850869   -0.18232473764657    1.12371688797253
C         1.14461317112279    0.28933919398217   -1.62938062826330
H         0.64402441361709   -1.16794132149342   -0.16293040481977
H         1.23070244758356   -1.85722517501366   -1.67149518875160
H         3.86072244068226    1.19287864462023   -0.93127079742698
H         3.29477967510356    2.09753483537322    0.47284421157303
H         3.56205507873192   -1.27869057294498   -1.05028514826827
H         2.78901803172957   -2.15391766324720    0.27272483457202
Br       -3.29234024872295    0.15889402468258    1.01541361667175
O         1.45787567868406    0.32027675409304   -3.01867633438776
C         2.79279420942694    0.09549283457326   -3.42085731756121
H         2.77950145425708    0.19761879432849   -4.50577667542769
H         3.47663643925368    0.83691196895956   -3.00026579550834
H         3.13041766866082   -0.91195007094121   -3.16185966728934
23
 energy: -30.648398614742 gnorm: 0.000973786886 xtb: 6.3.2 (30e43eb)
C         2.77908460904367   -1.22078942001717   -0.29211145421652
C         3.06560524369337   -0.04469750822795    0.63300373765801
C         1.70877432401798    1.47444949240162   -0.83218838489093
H         0.05430638549197    0.41724214758019   -1.67519316929780
C         3.07016115799853    1.24602679736148   -0.17626990152855
H         1.74400050368161    2.34219846158120   -1.49523990546258
H         0.98145405691066    1.69271140346539   -0.04574155364902
C         1.40578829407305   -1.06722623031968   -0.94538245595598
H         2.29153326547663    0.00975106308709    1.40219009844639
H         4.02956409549689   -0.18163822992298    1.12647821736801
C         1.14518767457058    0.28486966734989   -1.63316568044930
H         0.64297240360842   -1.17487808673173   -0.16956976936755
H         1.23650460329265   -1.86131243324966   -1.67699824239400
H         3.85928928073373    1.19348826757506   -0.92772191963371
H         3.28614451225488    2.09658430463047    0.47447831763891
H         3.56398203892790   -1.28031465459937   -1.04729694250282
H         2.78776502530524   -2.15508888563059    0.27407977785836
Br       -3.28757463069679    0.17966324994096    1.04761715894783
O         1.46031262575472    0.31523143161486   -3.02238465471934
C         2.79763203592394    0.10031643252105   -3.42093080970355
H         2.78603167120158    0.19776651574083   -4.50641495268494
H         3.47441303823742    0.84939243365046   -3.00195442149780
H         3.14365778499532   -0.90314621981211   -3.15696308994168
23
 energy: -30.648413008346 gnorm: 0.000864953416 xtb: 6.3.2 (30e43eb)
C         2.77863287505637   -1.22252361972911   -0.29189279258017
C         3.06091995975365   -0.04565082656743    0.63353170324356
C         1.70573066285831    1.47123981878406   -0.83613285609010
H         0.05455039476389    0.41093040082107   -1.68132752623068
C         3.06544480911292    1.24499618581818   -0.17596744370183
H         1.74241068141492    2.33819133344744   -1.50015483007768
H         0.97585045216127    1.69015002239186   -0.05224230582922
C         1.40694759376307   -1.07135466789082   -0.94898954069187
H         2.28547687812247    0.00768038920230    1.40158063007726
H         4.02435446486154   -0.18091790236350    1.12869176676828
C         1.14557755687575    0.28042068652531   -1.63751438185001
H         0.64165458473586   -1.18122328288370   -0.17586534544867
H         1.24225663499302   -1.86519003897315   -1.68188940479996
H         3.85716273182336    1.19416741968260   -0.92489319027631
H         3.27750909484646    2.09585925951135    0.47567245825503
H         3.56594798275679   -1.28172044534389   -1.04468077876832
H         2.78684685912276   -2.15633204809354    0.27509701559414
Br       -3.27934224120397    0.20186301679249    1.07891469837601
O         1.46307294006238    0.31025678556660   -3.02613277184843
C         2.80303809096118    0.10492254407324   -3.42102674482391
H         2.79307500173185    0.19746011307933   -4.50688444176320
H         3.47244185392933    0.86159618070977   -3.00384381640056
H         3.15703013749008   -0.89422132457151   -3.15173010111053
23
 energy: -30.648429263050 gnorm: 0.000567655618 xtb: 6.3.2 (30e43eb)
C         2.77791533933318   -1.22432550336222   -0.29162310092729
C         3.05603826075651   -0.04659423600055    0.63395306388222
C         1.70139083134211    1.46741055258119   -0.83975046341037
H         0.05458251685646    0.40371507209160   -1.68892404056232
C         3.05973788233717    1.24389706131906   -0.17580140109666
H         1.73833522102088    2.33446667573712   -1.50366947881874
H         0.96889285901914    1.68506460389204   -0.05792535280824
C         1.40822526310910   -1.07592509670890   -0.95337150182258
H         2.27898172403987    0.00545917395610    1.40058525823212
H         4.01887125335061   -0.17987827160529    1.13110887058584
C         1.14581854789932    0.27552218385199   -1.64267587014919
H         0.64078257395394   -1.18770375685064   -0.18281365095752
H         1.24788185439132   -1.86976978145688   -1.68717202404677
H         3.85377214919752    1.19468913764505   -0.92242028617459
H         3.26804535927238    2.09520937971433    0.47644578473868
H         3.56758393334901   -1.28278183106978   -1.04196284806206
H         2.78597835185292   -2.15775176319595    0.27601316457634
Br       -3.26652323300316    0.22825792093158    1.11240731737997
O         1.46664220328593    0.30492273550235   -3.03018469646070
C         2.80958438980822    0.10973913573893   -3.42103711937021
H         2.80128578424591    0.19639155355099   -4.50730277745040
H         3.47062388935342    0.87497889789566   -3.00623568077748
H         3.17214304522067   -0.88439384416928   -3.14532316647564
23
 energy: -30.648450875840 gnorm: 0.000443949354 xtb: 6.3.2 (30e43eb)
C         2.77718267319477   -1.22664442300771   -0.29159387025628
C         3.04892883829952   -0.04772554523562    0.63444758505115
C         1.69510939804300    1.46214643718747   -0.84403692142957
H         0.05457288406449    0.39376693020109   -1.69901082757609
C         3.05198277651611    1.24252528566957   -0.17578166544724
H         1.73125936791124    2.33009250521231   -1.50695043209401
H         0.95936715551691    1.67664601896382   -0.06431912059501
C         1.40963273176552   -1.08204532393891   -0.95846042122450
H         2.26934076583140    0.00262616196957    1.39879166131224
H         4.01062872532903   -0.17831750096134    1.13472504346034
C         1.14607326744128    0.26877686998260   -1.64923216815521
H         0.63934071350684   -1.19590570761373   -0.19105652934001
H         1.25489623967901   -1.87609759789190   -1.69321541600022
H         3.84845759293624    1.19494045643616   -0.91992851328684
H         3.25594218788876    2.09468104050389    0.47677008664209
H         3.57009957697229   -1.28364638369163   -1.03870195835938
H         2.78529350791222   -2.15970404023384    0.27662668574800
Br       -3.24288602520198    0.26439459396851    1.15373663434487
O         1.47142188397389    0.29808732285755   -3.03516456094698
C         2.81812371958787    0.11607567664611   -3.42095759644574
H         2.81190431120620    0.19532423372546   -4.50766236428620
H         3.46836949082531    0.89214838107143   -3.00937021752314
H         3.19154821679143   -0.87154539183288   -3.13733511356582
23
 energy: -30.648456816156 gnorm: 0.000255059795 xtb: 6.3.2 (30e43eb)
C         2.77663135217536   -1.22673803110879   -0.29150263598883
C         3.04740095000236   -0.04766877993338    0.63453590932590
C         1.69365025452048    1.46137844790076   -0.84403372645163
H         0.05421849790306    0.39284502514214   -1.70135602999424
C         3.05057595502740    1.24255203218932   -0.17562953661646
H         1.72878607479856    2.33002021898011   -1.50612270174513
H         0.95762122450283    1.67427973265355   -0.06410699245587
C         1.40955203774194   -1.08227189084305   -0.95939054793079
H         2.26692831460081    0.00248759200978    1.39772896542702
H         4.00835764328664   -0.17787922638445    1.13595962137132
C         1.14571331733376    0.26828643134282   -1.65033417039542
H         0.63925616466919   -1.19587239744146   -0.19199940318402
H         1.25481451505776   -1.87668333435699   -1.69375741983667
H         3.84693687632792    1.19464893575020   -0.91977118940608
H         3.25462386902375    2.09494724752908    0.47658996697514
H         3.56979197735182   -1.28304533095124   -1.03827167428872
H         2.78500717764286   -2.16002671594248    0.27637996070216
Br       -3.23130225534710    0.26809504366399    1.15779661204079
O         1.47260997612022    0.29807861939064   -3.03593400077631
C         2.81943745426602    0.11630365248935   -3.42085491111435
H         2.81396764308120    0.19556241355034   -4.50748366128884
H         3.46916372239161    0.89233880456605   -3.00904972209135
H         3.19284725751293   -0.87103849020797   -3.13707271225155
23
 energy: -30.648469413542 gnorm: 0.000419926829 xtb: 6.3.2 (30e43eb)
C         2.77589547356396   -1.22658094615042   -0.29217758946643
C         3.04332469669810   -0.04764228424780    0.63494090184618
C         1.68923901532208    1.45959620754907   -0.84361332174024
H         0.05409145473811    0.38979686500332   -1.70681142135656
C         3.04657148226852    1.24222149116258   -0.17571634422575
H         1.72134281303188    2.33042563608487   -1.50304638588342
H         0.95246518925790    1.66749780825892   -0.06289813601046
C         1.40923566514382   -1.08350418365814   -0.96134683700185
H         2.26056261921656    0.00178762478232    1.39567296601031
H         4.00281554479635   -0.17678332999589    1.13902424425365
C         1.14553651602341    0.26660583680734   -1.65275027392463
H         0.63874703685968   -1.19649532573969   -0.19403452762857
H         1.25495041733454   -1.87876128760182   -1.69488014450236
H         3.84266236481125    1.19405701552821   -0.92005127444123
H         3.25049669092836    2.09510796014893    0.47583294366871
H         3.57003141769798   -1.28124692760192   -1.03798220751646
H         2.78481332911993   -2.16023943686979    0.27503460342382
Br       -3.20180038596140    0.28038542601366    1.16720674768567
O         1.47570960661379    0.29802067587963   -3.03764575152449
C         2.82295142974823    0.11694816452800   -3.42057590324036
H         2.81886677714899    0.19613846743534   -4.50718940494666
H         3.47162572355103    0.89328559362702   -3.00827652764482
H         3.19645512207838   -0.87002105095461   -3.13639635580903
23
 energy: -30.648484888320 gnorm: 0.000475642898 xtb: 6.3.2 (30e43eb)
C         2.77477035457308   -1.22693144877459   -0.29314359075228
C         3.03686731378161   -0.04776797501246    0.63535826864500
C         1.68157852925690    1.45620458530914   -0.84314213894676
H         0.05289752258543    0.38415467799762   -1.71592788085648
C         3.03920635374905    1.24240728621301   -0.17490946856536
H         1.70946431897043    2.33017843597742   -1.49851405296415
H         0.94314545705280    1.65661878044773   -0.06192742524382
C         1.40920140332426   -1.08585843536116   -0.96509057815369
H         2.25112670272344   -0.00029148362430    1.39332639158523
H         3.99487864115329   -0.17490357529262    1.14289469473618
C         1.14443113367318    0.26363755657117   -1.65712176737303
H         0.63788079717231   -1.19906417361439   -0.19867778311049
H         1.25694451666966   -1.88188046618079   -1.69815627308446
H         3.83528552984752    1.19487614594446   -0.91925669850880
H         3.24189085631417    2.09589478905494    0.47628794962195
H         3.57071243203432   -1.27862101081531   -1.03722434550531
H         2.78478514582962   -2.16121548698370    0.27307619658727
Br       -3.15276304647773    0.30417563596525    1.18393437161720
O         1.48023196173012    0.29770170759920   -3.04070520524259
C         2.82866568995112    0.11793680669912   -3.42012283836698
H         2.82691827350028    0.19682891208632   -4.50688935847660
H         3.47582976821791    0.89525148513100   -3.00675653179937
H         3.20264034435876   -0.86873274934655   -3.13499193581942
23
 energy: -30.648495497762 gnorm: 0.000474218449 xtb: 6.3.2 (30e43eb)
C         2.77390410653056   -1.22701969792904   -0.29403355295412
C         3.03204401920827   -0.04808002771716    0.63585381488793
C         1.67541216928176    1.45385428391916   -0.84349944375310
H         0.05252449124508    0.37901867259741   -1.72266946289598
C         3.03260921208760    1.24247295574804   -0.17378276140348
H         1.70100646493903    2.32960372545986   -1.49658142906584
H         0.93520464761223    1.64957404714358   -0.06279071236526
C         1.40954053245675   -1.08862558930737   -0.96893451902563
H         2.24486510409188   -0.00279715148753    1.39243871741307
H         3.98935433973763   -0.17343488173902    1.14514728050963
C         1.14411113891502    0.26091752046229   -1.66062354556181
H         0.63705997523357   -1.20307798430879   -0.20393604549550
H         1.25998785613772   -1.88480350800055   -1.70242626628272
H         3.82969335299829    1.19709895162472   -0.91717037460297
H         3.23260153030721    2.09597355345949    0.47817026823616
H         3.57152671468784   -1.27673325740226   -1.03640799094208
H         2.78455704862879   -2.16155349972515    0.27170164492926
Br       -3.11611604189901    0.32570143341813    1.20042377851289
O         1.48379207224078    0.29716450399643   -3.04313559709187
C         2.83315570241446    0.11869318011060   -3.41983024677179
H         2.83344836692174    0.19741151576985   -4.50656061327420
H         3.47870774555574    0.89665635615532   -3.00533537643327
H         3.20759945065866   -0.86741510225639   -3.13369756654756
23
 energy: -30.648506080371 gnorm: 0.000332897666 xtb: 6.3.2 (30e43eb)
C         2.77379169307099   -1.22746028211047   -0.29492251812222
C         3.02815654985149   -0.04852399409048    0.63602491872740
C         1.67090515392497    1.45167145536570   -0.84446564751759
H         0.05199877942435    0.37448427088688   -1.72778503651369
C         3.02724831169412    1.24288884262755   -0.17225649649563
H         1.69608037922421    2.32791023643412   -1.49682500159043
H         0.92878266065157    1.64544402041048   -0.06518607102342
C         1.41046115638738   -1.09103109102483   -0.97227787763126
H         2.24045636145578   -0.00545274267187    1.39226656766885
H         3.98542196233095   -0.17236474649232    1.14580737900210
C         1.14367379270653    0.25844532813830   -1.66369742355216
H         0.63642829335103   -1.20785709692129   -0.20919776279775
H         1.26439690680746   -1.88675789268229   -1.70694033547664
H         3.82602648487952    1.20054404710768   -0.91406433920268
H         3.22359451692710    2.09608732930640    0.48125079743759
H         3.57307993151847   -1.27578850185377   -1.03565330134536
H         2.78469486947146   -2.16205535173882    0.27071764164201
Br       -3.09161878774181    0.34496247320146    1.21681925470642
O         1.48612061423546    0.29645528673523   -3.04537861899001
C         2.83647074405924    0.11934834833424   -3.41947409780535
H         2.83864745389655    0.19805929821610   -4.50617323592377
H         3.48044674115243    0.89797804355080   -3.00367900765958
H         3.21132543071241   -0.86638728073632   -3.13258978751635
23
 energy: -30.648519819625 gnorm: 0.000272374908 xtb: 6.3.2 (30e43eb)
C         2.77404709379717   -1.22803504176357   -0.29595309891085
C         3.02451054198773   -0.04925861823624    0.63627982983910
C         1.66654283327480    1.44950270148348   -0.84666619639660
H         0.05169187618943    0.36885738960918   -1.73273254977613
C         3.02113838767549    1.24341909142515   -0.17004452587769
H         1.69264705908555    2.32541535734093   -1.49945242251161
H         0.92182777113479    1.64286939888014   -0.06988799486959
C         1.41227551105302   -1.09454788697869   -0.97696340103536
H         2.23630508381653   -0.00910189746162    1.39223215099483
H         3.98197377672104   -0.17122357065371    1.14645241121328
C         1.14352006595247    0.25527189605124   -1.66714867500217
H         0.63636399398755   -1.21499387159836   -0.21640118899558
H         1.27093623462877   -1.88945039878489   -1.71351987933787
H         3.82279210952633    1.20566542782964   -0.90908015412021
H         3.21196884460050    2.09598323527335    0.48600481733661
H         3.57540225071382   -1.27483302794907   -1.03456134084646
H         2.78521777380519   -2.16266663391272    0.26964562930532
Br       -3.07248935369178    0.36858242757296    1.23981042097582
O         1.48829869888296    0.29511216714599   -3.04804196341093
C         2.83992039505340    0.12019833079097   -3.41909623257873
H         2.84452273543272    0.19936519814453   -4.50576197036661
H         3.48172426113097    0.89964422835956   -3.00117551955747
H         3.21545205523318   -0.86517590257484   -3.13161814605205
23
 energy: -30.648536586959 gnorm: 0.000352394704 xtb: 6.3.2 (30e43eb)
C         2.77540961757339   -1.22892939565798   -0.29758688569401
C         3.01934452809013   -0.05028312907457    0.63656421295201
C         1.66174513234183    1.44633806891493   -0.85003236854145
H         0.05163356413315    0.36110368204473   -1.73882827367937
C         3.01386420116136    1.24393084567243   -0.16728604749851
H         1.68987285754596    2.32117140658227   -1.50421380444281
H         0.91352533536336    1.64056350778405   -0.07691087070894
C         1.41545681966576   -1.09920742204154   -0.98287117530978
H         2.23000397671095   -0.01397849628634    1.39162433384549
H         3.97656124940575   -0.16969737814790    1.14791863704275
C         1.14371013343353    0.25072403169419   -1.67180063107170
H         0.63708378247994   -1.22487617240226   -0.22565385996146
H         1.28062582975078   -1.89284818181757   -1.72201814468753
H         3.81961733313934    1.21205199685872   -0.90226228473141
H         3.19719080741669    2.09562847540374    0.49210416734006
H         3.57954507922076   -1.27318263529740   -1.03342040850894
H         2.78725682054382   -2.16370902455451    0.26778086220751
Br       -3.05778645643669    0.40052105136689    1.27441464825288
O         1.49103734601083    0.29270884752652   -3.05193349365350
C         2.84435720621184    0.12160127499007   -3.41896752528966
H         2.85249927924550    0.20224926487329   -4.50548052993869
H         3.48280713177047    0.90194849507712   -2.99749855022401
H         3.22122842521307   -0.86322911351437   -3.13132200768178
23
 energy: -30.648552434416 gnorm: 0.000420608743 xtb: 6.3.2 (30e43eb)
C         2.77734626031241   -1.22987968516086   -0.29945847104705
C         3.01322817169261   -0.05152612311678    0.63715477850471
C         1.65641305328434    1.44245321541870   -0.85436352689649
H         0.05183024502991    0.35160694305064   -1.74626728739072
C         3.00551893737768    1.24417412008717   -0.16430274946538
H         1.68645041307315    2.31629125451731   -1.50987749723201
H         0.90402827613446    1.63700678266829   -0.08541830906757
C         1.41948388782734   -1.10504181207857   -0.98979365004368
H         2.22121298763362   -0.01946214657419    1.38969424872148
H         3.96932426779652   -0.16784082179782    1.15155713805271
C         1.14418035955182    0.24498035225843   -1.67723566595554
H         0.63863641707285   -1.23607074549261   -0.23603494925057
H         1.29167385305542   -1.89759231178233   -1.73140405721052
H         3.81566824364714    1.21793055208066   -0.89470316188520
H         3.18099248686717    2.09524801266994    0.49808395474310
H         3.58460665595131   -1.27008887932796   -1.03214632518241
H         2.79079207112969   -2.16519664286747    0.26499490717030
Br       -3.04458470189940    0.43910292575582    1.31763182713302
O         1.49462535118669    0.28933574919485   -3.05649880593729
C         2.84996972956495    0.12369425693491   -3.41893766402221
H         2.86205127812521    0.20695766055796   -4.50523613089485
H         3.48419402678769    0.90522235963214   -2.99295352156309
H         3.22894772878884   -0.86070501663244   -3.13216508126587
23
 energy: -30.648563728540 gnorm: 0.000432031492 xtb: 6.3.2 (30e43eb)
C         2.77918028130775   -1.23059585128414   -0.30105360542332
C         3.00699142957379   -0.05251502636640    0.63789728494968
C         1.65146817055890    1.43854497640934   -0.85768580788625
H         0.05236128660526    0.34293533160031   -1.75340142990613
C         2.99840406163484    1.24390323705011   -0.16237323303369
H         1.68237750130449    2.31195318631422   -1.51373454509520
H         0.89582340581444    1.63240648123288   -0.09175469572422
C         1.42299832844754   -1.11004972192380   -0.99534474438662
H         2.21166254983846   -0.02391256484115    1.38713929412958
H         3.96127226554704   -0.16601236355572    1.15629115552603
C         1.14491332921055    0.23967366736139   -1.68220645324657
H         0.64047915110246   -1.24488303103740   -0.24399737395702
H         1.30059815245803   -1.90212705215648   -1.73832279004871
H         3.81167917781387    1.22121464738731   -0.88941366630992
H         3.16813263256413    2.09484254955835    0.50163599989075
H         3.58883907779632   -1.26629790957455   -1.03133535312200
H         2.79479491723514   -2.16666590954876    0.26209382585489
Br       -3.03256752943350    0.47360385726208    1.35616565965714
O         1.49840037193077    0.28587996130676   -3.06072762177837
C         2.85543776543112    0.12594928817577   -3.41932124916289
H         2.87089412940831    0.21219928270736   -4.50536796717537
H         3.48554771122363    0.90844049582217   -2.98904842929765
H         3.23690183261799   -0.85788753190269   -3.13381425444129
23
 energy: -30.648569581025 gnorm: 0.000539613930 xtb: 6.3.2 (30e43eb)
C         2.78097203414308   -1.23131080210406   -0.30265118655988
C         3.00067982661631   -0.05350145064075    0.63864504417436
C         1.64650052016841    1.43463649504694   -0.86105341786760
H         0.05290400679011    0.33426197067877   -1.76064471826476
C         2.99124277580924    1.24363311540719   -0.16044104899038
H         1.67830235354152    2.30761561191140   -1.51763489486997
H         0.88756801591807    1.62780296957702   -0.09816201616744
C         1.42649434727572   -1.11505764974369   -1.00094714427760
H         2.20200920740252   -0.02835868459659    1.38456054049085
H         3.95312661480019   -0.16418059819296    1.16106618165210
C         1.14565588413788    0.23436534013246   -1.68724190444649
H         0.64227636429654   -1.25369066734309   -0.25203766672721
H         1.30952787638142   -1.90666409305907   -1.74529542712693
H         3.80766850988285    1.22449601646487   -0.88409443803973
H         3.15520592578552    2.09443948671088    0.50519499349632
H         3.59305487689926   -1.26250571656398   -1.03049922352257
H         2.79873680119931   -2.16813338901933    0.25919134607920
Br       -3.02032494071308    0.50809827663646    1.39513997204902
O         1.50224229492015    0.28242008087284   -3.06500769145256
C         2.86098832714448    0.12820364810470   -3.41970323297656
H         2.87986066444848    0.21743839654384   -4.50549837904052
H         3.48696623212127    0.91166036744820   -2.98511919066934
H         3.24493148102194   -0.85506872427390   -3.13544649693150
23
 energy: -30.648573155941 gnorm: 0.000323091197 xtb: 6.3.2 (30e43eb)
C         2.78104934120159   -1.23140889452965   -0.30292182131693
C         2.99856591924488   -0.05376679284665    0.63888794077285
C         1.64510931787873    1.43345600456689   -0.86214364099183
H         0.05306932770931    0.33219637599272   -1.76341187107732
C         2.98936307187728    1.24317258377915   -0.16047451441938
H         1.67593730649152    2.30709536403466   -1.51791584766350
H         0.88566641839496    1.62495320140010   -0.09947537343909
C         1.42676192862784   -1.11619691798982   -1.00175856445469
H         2.19824740138995   -0.02890899006069    1.38290672532361
H         3.94979721856741   -0.16387777695928    1.16349836711129
C         1.14577224629393    0.23289464842111   -1.68861899115465
H         0.64226590413548   -1.25433136387870   -0.25304973527475
H         1.31024811578107   -1.90822068417734   -1.74564475813836
H         3.80601503614599    1.22339177990209   -0.88367977718550
H         3.15315953157858    2.09439265683221    0.50455975115490
H         3.59358329331141   -1.26098133627783   -1.03024104934477
H         2.79974625633105   -2.16852155157270    0.25832700461893
Br       -3.01330261021696    0.51579507417481    1.40494656310258
O         1.50391829123094    0.28125102207984   -3.06594349902088
C         2.86308768628651    0.12924258104817   -3.41968506653946
H         2.88253478986255    0.21955311858587   -4.50532197899518
H         3.48768234464717    0.91320608752267   -2.98424138424906
H         3.24831186322004   -0.85378619004910   -3.13627847880859
